<?xml version="1.0" encoding="UTF-8"?>
<!-- Generated by org.testng.reporters.JUnitReportReporter -->
<testsuite hostname="LTIN198528" failures="0" tests="8" name="test_scenarios.LoginTest" time="23.183" errors="0" timestamp="2024-03-03T10:38:54 IST" skipped="0">
  <testcase classname="test_scenarios.LoginTest" name="loginUsingEmail" time="2.870"/>
  <system-out/>
  <testcase classname="test_scenarios.LoginTest" name="loginUsingEmail" time="2.790"/>
  <system-out/>
  <testcase classname="test_scenarios.LoginTest" name="loginUsingPhoneNumber" time="2.612"/>
  <system-out/>
  <testcase classname="test_scenarios.LoginTest" name="loginUsingEmail" time="4.143"/>
  <system-out/>
  <testcase classname="test_scenarios.LoginTest" name="loginUsingPhoneNumber" time="2.524"/>
  <system-out/>
  <testcase classname="test_scenarios.LoginTest" name="loginUsingPhoneNumber" time="2.519"/>
  <system-out/>
  <testcase classname="test_scenarios.LoginTest" name="loginUsingEmail" time="2.846"/>
  <system-out/>
  <testcase classname="test_scenarios.LoginTest" name="loginUsingEmail" time="2.879"/>
  <system-out/>
</testsuite> <!-- test_scenarios.LoginTest -->
