<?xml version="1.0" encoding="UTF-8"?>
<!-- Generated by org.testng.reporters.JUnitReportReporter -->
<testsuite hostname="LTIN198528" failures="0" tests="10" name="test_scenarios.LoginTest" time="239.012" errors="0" timestamp="2024-03-05T13:04:57 IST" skipped="0">
  <testcase classname="test_scenarios.LoginTest" name="negativeEmailLoginTest" time="12.211"/>
  <system-out/>
  <testcase classname="test_scenarios.LoginTest" name="negativePhoneNumberLoginTest" time="4.726"/>
  <system-out/>
  <testcase classname="test_scenarios.LoginTest" name="positiveEmailLoginTest" time="35.154"/>
  <system-out/>
  <testcase classname="test_scenarios.LoginTest" name="negativePhoneNumberLoginTest" time="18.598"/>
  <system-out/>
  <testcase classname="test_scenarios.LoginTest" name="negativeEmailLoginTest" time="114.788"/>
  <system-out/>
  <testcase classname="test_scenarios.LoginTest" name="negativeEmailLoginTest" time="10.307"/>
  <system-out/>
  <testcase classname="test_scenarios.LoginTest" name="negativeEmailLoginTest" time="17.845"/>
  <system-out/>
  <testcase classname="test_scenarios.LoginTest" name="positivePhoneNumberLoginTest" time="6.518"/>
  <system-out/>
  <testcase classname="test_scenarios.LoginTest" name="negativePhoneNumberLoginTest" time="8.925"/>
  <system-out/>
  <testcase classname="test_scenarios.LoginTest" name="negativeEmailLoginTest" time="9.940"/>
  <system-out/>
</testsuite> <!-- test_scenarios.LoginTest -->
