<?xml version="1.0" encoding="UTF-8"?>
<!-- Generated by org.testng.reporters.JUnitReportReporter -->
<testsuite hostname="LTIN198528" failures="0" tests="58" name="test_scenarios.UpcomingBikesTest" time="0.106" errors="0" timestamp="2024-03-05T12:58:54 IST" skipped="0">
  <testcase classname="test_scenarios.UpcomingBikesTest" name="releaseInFuture" time="0.002"/>
  <system-out/>
  <testcase classname="test_scenarios.UpcomingBikesTest" name="priceUnderTwoLakhTest" time="0.002"/>
  <system-out/>
  <testcase classname="test_scenarios.UpcomingBikesTest" name="priceUnderTwoLakhTest" time="0.003"/>
  <system-out/>
  <testcase classname="test_scenarios.UpcomingBikesTest" name="releaseInFuture" time="0.001"/>
  <system-out/>
  <testcase classname="test_scenarios.UpcomingBikesTest" name="priceUnderTwoLakhTest" time="0.001"/>
  <system-out/>
  <testcase classname="test_scenarios.UpcomingBikesTest" name="priceUnderTwoLakhTest" time="0.002"/>
  <system-out/>
  <testcase classname="test_scenarios.UpcomingBikesTest" name="priceUnderTwoLakhTest" time="0.001"/>
  <system-out/>
  <testcase classname="test_scenarios.UpcomingBikesTest" name="priceUnderTwoLakhTest" time="0.001"/>
  <system-out/>
  <testcase classname="test_scenarios.UpcomingBikesTest" name="releaseInFuture" time="0.001"/>
  <system-out/>
  <testcase classname="test_scenarios.UpcomingBikesTest" name="priceUnderTwoLakhTest" time="0.001"/>
  <system-out/>
  <testcase classname="test_scenarios.UpcomingBikesTest" name="releaseInFuture" time="0.001"/>
  <system-out/>
  <testcase classname="test_scenarios.UpcomingBikesTest" name="releaseInFuture" time="0.002"/>
  <system-out/>
  <testcase classname="test_scenarios.UpcomingBikesTest" name="priceUnderTwoLakhTest" time="0.001"/>
  <system-out/>
  <testcase classname="test_scenarios.UpcomingBikesTest" name="releaseInFuture" time="0.001"/>
  <system-out/>
  <testcase classname="test_scenarios.UpcomingBikesTest" name="releaseInFuture" time="0.001"/>
  <system-out/>
  <testcase classname="test_scenarios.UpcomingBikesTest" name="releaseInFuture" time="0.001"/>
  <system-out/>
  <testcase classname="test_scenarios.UpcomingBikesTest" name="priceUnderTwoLakhTest" time="0.001"/>
  <system-out/>
  <testcase classname="test_scenarios.UpcomingBikesTest" name="priceUnderTwoLakhTest" time="0.000"/>
  <system-out/>
  <testcase classname="test_scenarios.UpcomingBikesTest" name="releaseInFuture" time="0.002"/>
  <system-out/>
  <testcase classname="test_scenarios.UpcomingBikesTest" name="releaseInFuture" time="0.001"/>
  <system-out/>
  <testcase classname="test_scenarios.UpcomingBikesTest" name="priceUnderTwoLakhTest" time="0.002"/>
  <system-out/>
  <testcase classname="test_scenarios.UpcomingBikesTest" name="priceUnderTwoLakhTest" time="0.029"/>
  <system-out/>
  <testcase classname="test_scenarios.UpcomingBikesTest" name="priceUnderTwoLakhTest" time="0.003"/>
  <system-out/>
  <testcase classname="test_scenarios.UpcomingBikesTest" name="releaseInFuture" time="0.001"/>
  <system-out/>
  <testcase classname="test_scenarios.UpcomingBikesTest" name="priceUnderTwoLakhTest" time="0.001"/>
  <system-out/>
  <testcase classname="test_scenarios.UpcomingBikesTest" name="priceUnderTwoLakhTest" time="0.001"/>
  <system-out/>
  <testcase classname="test_scenarios.UpcomingBikesTest" name="releaseInFuture" time="0.002"/>
  <system-out/>
  <testcase classname="test_scenarios.UpcomingBikesTest" name="priceUnderTwoLakhTest" time="0.002"/>
  <system-out/>
  <testcase classname="test_scenarios.UpcomingBikesTest" name="releaseInFuture" time="0.001"/>
  <system-out/>
  <testcase classname="test_scenarios.UpcomingBikesTest" name="releaseInFuture" time="0.001"/>
  <system-out/>
  <testcase classname="test_scenarios.UpcomingBikesTest" name="releaseInFuture" time="0.001"/>
  <system-out/>
  <testcase classname="test_scenarios.UpcomingBikesTest" name="priceUnderTwoLakhTest" time="0.002"/>
  <system-out/>
  <testcase classname="test_scenarios.UpcomingBikesTest" name="priceUnderTwoLakhTest" time="0.001"/>
  <system-out/>
  <testcase classname="test_scenarios.UpcomingBikesTest" name="releaseInFuture" time="0.001"/>
  <system-out/>
  <testcase classname="test_scenarios.UpcomingBikesTest" name="releaseInFuture" time="0.001"/>
  <system-out/>
  <testcase classname="test_scenarios.UpcomingBikesTest" name="releaseInFuture" time="0.001"/>
  <system-out/>
  <testcase classname="test_scenarios.UpcomingBikesTest" name="priceUnderTwoLakhTest" time="0.002"/>
  <system-out/>
  <testcase classname="test_scenarios.UpcomingBikesTest" name="priceUnderTwoLakhTest" time="0.002"/>
  <system-out/>
  <testcase classname="test_scenarios.UpcomingBikesTest" name="releaseInFuture" time="0.001"/>
  <system-out/>
  <testcase classname="test_scenarios.UpcomingBikesTest" name="releaseInFuture" time="0.001"/>
  <system-out/>
  <testcase classname="test_scenarios.UpcomingBikesTest" name="releaseInFuture" time="0.001"/>
  <system-out/>
  <testcase classname="test_scenarios.UpcomingBikesTest" name="priceUnderTwoLakhTest" time="0.001"/>
  <system-out/>
  <testcase classname="test_scenarios.UpcomingBikesTest" name="releaseInFuture" time="0.001"/>
  <system-out/>
  <testcase classname="test_scenarios.UpcomingBikesTest" name="releaseInFuture" time="0.001"/>
  <system-out/>
  <testcase classname="test_scenarios.UpcomingBikesTest" name="priceUnderTwoLakhTest" time="0.001"/>
  <system-out/>
  <testcase classname="test_scenarios.UpcomingBikesTest" name="releaseInFuture" time="0.002"/>
  <system-out/>
  <testcase classname="test_scenarios.UpcomingBikesTest" name="priceUnderTwoLakhTest" time="0.002"/>
  <system-out/>
  <testcase classname="test_scenarios.UpcomingBikesTest" name="priceUnderTwoLakhTest" time="0.001"/>
  <system-out/>
  <testcase classname="test_scenarios.UpcomingBikesTest" name="priceUnderTwoLakhTest" time="0.001"/>
  <system-out/>
  <testcase classname="test_scenarios.UpcomingBikesTest" name="priceUnderTwoLakhTest" time="0.002"/>
  <system-out/>
  <testcase classname="test_scenarios.UpcomingBikesTest" name="releaseInFuture" time="0.001"/>
  <system-out/>
  <testcase classname="test_scenarios.UpcomingBikesTest" name="priceUnderTwoLakhTest" time="0.002"/>
  <system-out/>
  <testcase classname="test_scenarios.UpcomingBikesTest" name="releaseInFuture" time="0.001"/>
  <system-out/>
  <testcase classname="test_scenarios.UpcomingBikesTest" name="releaseInFuture" time="0.001"/>
  <system-out/>
  <testcase classname="test_scenarios.UpcomingBikesTest" name="priceUnderTwoLakhTest" time="0.002"/>
  <system-out/>
  <testcase classname="test_scenarios.UpcomingBikesTest" name="releaseInFuture" time="0.002"/>
  <system-out/>
  <testcase classname="test_scenarios.UpcomingBikesTest" name="releaseInFuture" time="0.001"/>
  <system-out/>
  <testcase classname="test_scenarios.UpcomingBikesTest" name="priceUnderTwoLakhTest" time="0.001"/>
  <system-out/>
</testsuite> <!-- test_scenarios.UpcomingBikesTest -->
